#
# There is insufficient memory for the Java Runtime Environment to continue.
# Native memory allocation (malloc) failed to allocate 1481536 bytes for Chunk::new
# Possible reasons:
#   The system is out of physical RAM or swap space
#   The process is running with CompressedOops enabled, and the Java Heap may be blocking the growth of the native heap
# Possible solutions:
#   Reduce memory load on the system
#   Increase physical memory or swap space
#   Check if swap backing store is full
#   Decrease Java heap size (-Xmx/-Xms)
#   Decrease number of Java threads
#   Decrease Java thread stack sizes (-Xss)
#   Set larger code cache with -XX:ReservedCodeCacheSize=
#   JVM is running with Unscaled Compressed Oops mode in which the Java heap is
#     placed in the first 4GB address space. The Java Heap base address is the
#     maximum limit for the native heap growth. Please use -XX:HeapBaseMinAddress
#     to set the Java Heap base and to place the Java Heap above 4GB virtual address.
# This output file may be truncated or incomplete.
#
#  Out of Memory Error (allocation.cpp:389), pid=12728, tid=0x0000000000000e20
#
# JRE version: OpenJDK Runtime Environment (8.0_252-b09) (build 1.8.0_252-b09)
# Java VM: OpenJDK 64-Bit Server VM (25.252-b09 mixed mode windows-amd64 compressed oops)
# Failed to write core dump. Minidumps are not enabled by default on client versions of Windows
#

---------------  T H R E A D  ---------------

Current thread (0x000002a07db7f000):  JavaThread "C2 CompilerThread0" daemon [_thread_in_native, id=3616, stack(0x000000b318c00000,0x000000b318d00000)]

Stack: [0x000000b318c00000,0x000000b318d00000]
[error occurred during error reporting (printing stack bounds), id 0xc0000005]

Native frames: (J=compiled Java code, j=interpreted, Vv=VM code, C=native code)


Current CompileTask:
C2:   7715 1823       4       java.net.URLClassLoader$1::run (5 bytes)


---------------  P R O C E S S  ---------------

Java Threads: ( => current thread )
  0x000002a07dbe2800 JavaThread "Service Thread" daemon [_thread_blocked, id=5864, stack(0x000000b318e00000,0x000000b318f00000)]
  0x000002a07db81800 JavaThread "C1 CompilerThread1" daemon [_thread_in_native, id=1044, stack(0x000000b318d00000,0x000000b318e00000)]
=>0x000002a07db7f000 JavaThread "C2 CompilerThread0" daemon [_thread_in_native, id=3616, stack(0x000000b318c00000,0x000000b318d00000)]
  0x000002a07db78000 JavaThread "Attach Listener" daemon [_thread_blocked, id=12032, stack(0x000000b318b00000,0x000000b318c00000)]
  0x000002a07db75000 JavaThread "Signal Dispatcher" daemon [_thread_blocked, id=10096, stack(0x000000b318a00000,0x000000b318b00000)]
  0x000002a07db4b000 JavaThread "Finalizer" daemon [_thread_blocked, id=11104, stack(0x000000b318900000,0x000000b318a00000)]
  0x000002a07db44800 JavaThread "Reference Handler" daemon [_thread_blocked, id=9872, stack(0x000000b318800000,0x000000b318900000)]
  0x000002a079d15800 JavaThread "main" [_thread_in_Java, id=13324, stack(0x000000b318400000,0x000000b318500000)]

Other Threads:
  0x000002a07db22000 VMThread [stack: 0x000000b318700000,0x000000b318800000] [id=9804]
  0x000002a07dbe6800 WatcherThread [stack: 0x000000b318f00000,0x000000b319000000] [id=4052]

VM state:not at safepoint (normal execution)

VM Mutex/Monitor currently owned by a thread: None

heap address: 0x00000000e0000000, size: 512 MB, Compressed Oops mode: 32-bit
Narrow klass base: 0x0000000000000000, Narrow klass shift: 3
Compressed class space size: 1073741824 Address: 0x0000000100000000

Heap:
 PSYoungGen      total 56320K, used 17883K [0x00000000f5580000, 0x00000000fa680000, 0x0000000100000000)
  eden space 49152K, 21% used [0x00000000f5580000,0x00000000f60071c0,0x00000000f8580000)
  from space 7168K, 99% used [0x00000000f9f80000,0x00000000fa66fb10,0x00000000fa680000)
  to   space 8192K, 0% used [0x00000000f9680000,0x00000000f9680000,0x00000000f9e80000)
 ParOldGen       total 32256K, used 14054K [0x00000000e0000000, 0x00000000e1f80000, 0x00000000f5580000)
  object space 32256K, 43% used [0x00000000e0000000,0x00000000e0db9938,0x00000000e1f80000)
 Metaspace       used 24559K, capacity 25064K, committed 25136K, reserved 1071104K
  class space    used 2930K, capacity 3090K, committed 3120K, reserved 1048576K

Card table byte_map: [0x000002a07bac0000,0x000002a07bbd0000] byte_map_base: 0x000002a07b3c0000

Marking Bits: (ParMarkBitMap*) 0x00000000675f5010
 Begin Bits: [0x000002a07bc80000, 0x000002a07c480000)
 End Bits:   [0x000002a07c480000, 0x000002a07cc80000)

Polling page: 0x000002a079ed0000

CodeCache: size=245760Kb used=6143Kb max_used=6143Kb free=239616Kb
 bounds [0x000002a000000000, 0x000002a000610000, 0x000002a00f000000]
 total_blobs=2327 nmethods=1915 adapters=325
 compilation: enabled

Compilation events (10 events):
Event: 7.707 Thread 0x000002a07db81800 1919       3       java.util.AbstractSequentialList::iterator (5 bytes)
Event: 7.707 Thread 0x000002a07db81800 nmethod 1919 0x000002a000601310 code [0x000002a000601480, 0x000002a000601770]
Event: 7.707 Thread 0x000002a07db81800 1920       3       java.util.LinkedList::listIterator (15 bytes)
Event: 7.708 Thread 0x000002a07db81800 nmethod 1920 0x000002a000601850 code [0x000002a000601a00, 0x000002a000601e90]
Event: 7.708 Thread 0x000002a07db81800 1921       3       java.util.LinkedList::node (65 bytes)
Event: 7.708 Thread 0x000002a07db81800 nmethod 1921 0x000002a000602050 code [0x000002a0006021c0, 0x000002a0006024d8]
Event: 7.709 Thread 0x000002a07db81800 1922       3       org.jetbrains.kotlin.name.FqNameUnsafe::hashCode (8 bytes)
Event: 7.709 Thread 0x000002a07db81800 nmethod 1922 0x000002a000602650 code [0x000002a0006027c0, 0x000002a0006029d0]
Event: 7.710 Thread 0x000002a07db81800 1923       1       org.jetbrains.kotlin.metadata.ProtoBuf$QualifiedNameTable$QualifiedName::getShortName (5 bytes)
Event: 7.710 Thread 0x000002a07db81800 nmethod 1923 0x000002a000602a90 code [0x000002a000602be0, 0x000002a000602cf8]

GC Heap History (10 events):
Event: 3.537 GC heap before
{Heap before GC invocations=5 (full 0):
 PSYoungGen      total 18432K, used 18432K [0x00000000f5580000, 0x00000000f6880000, 0x0000000100000000)
  eden space 17408K, 100% used [0x00000000f5580000,0x00000000f6680000,0x00000000f6680000)
  from space 1024K, 100% used [0x00000000f6780000,0x00000000f6880000,0x00000000f6880000)
  to   space 1024K, 0% used [0x00000000f6680000,0x00000000f6680000,0x00000000f6780000)
 ParOldGen       total 22016K, used 6724K [0x00000000e0000000, 0x00000000e1580000, 0x00000000f5580000)
  object space 22016K, 30% used [0x00000000e0000000,0x00000000e06913f8,0x00000000e1580000)
 Metaspace       used 13200K, capacity 13420K, committed 13696K, reserved 1060864K
  class space    used 1488K, capacity 1562K, committed 1664K, reserved 1048576K
Event: 3.557 GC heap after
Heap after GC invocations=5 (full 0):
 PSYoungGen      total 18432K, used 1024K [0x00000000f5580000, 0x00000000f8280000, 0x0000000100000000)
  eden space 17408K, 0% used [0x00000000f5580000,0x00000000f5580000,0x00000000f6680000)
  from space 1024K, 100% used [0x00000000f6680000,0x00000000f6780000,0x00000000f6780000)
  to   space 5632K, 0% used [0x00000000f7d00000,0x00000000f7d00000,0x00000000f8280000)
 ParOldGen       total 22016K, used 11130K [0x00000000e0000000, 0x00000000e1580000, 0x00000000f5580000)
  object space 22016K, 50% used [0x00000000e0000000,0x00000000e0adea60,0x00000000e1580000)
 Metaspace       used 13200K, capacity 13420K, committed 13696K, reserved 1060864K
  class space    used 1488K, capacity 1562K, committed 1664K, reserved 1048576K
}
Event: 4.278 GC heap before
{Heap before GC invocations=6 (full 0):
 PSYoungGen      total 18432K, used 18432K [0x00000000f5580000, 0x00000000f8280000, 0x0000000100000000)
  eden space 17408K, 100% used [0x00000000f5580000,0x00000000f6680000,0x00000000f6680000)
  from space 1024K, 100% used [0x00000000f6680000,0x00000000f6780000,0x00000000f6780000)
  to   space 5632K, 0% used [0x00000000f7d00000,0x00000000f7d00000,0x00000000f8280000)
 ParOldGen       total 22016K, used 11130K [0x00000000e0000000, 0x00000000e1580000, 0x00000000f5580000)
  object space 22016K, 50% used [0x00000000e0000000,0x00000000e0adea60,0x00000000e1580000)
 Metaspace       used 16801K, capacity 17140K, committed 17536K, reserved 1064960K
  class space    used 1960K, capacity 2053K, committed 2176K, reserved 1048576K
Event: 4.303 GC heap after
Heap after GC invocations=6 (full 0):
 PSYoungGen      total 39936K, used 5043K [0x00000000f5580000, 0x00000000f8380000, 0x0000000100000000)
  eden space 34304K, 0% used [0x00000000f5580000,0x00000000f5580000,0x00000000f7700000)
  from space 5632K, 89% used [0x00000000f7d00000,0x00000000f81ecc38,0x00000000f8280000)
  to   space 6144K, 0% used [0x00000000f7700000,0x00000000f7700000,0x00000000f7d00000)
 ParOldGen       total 22016K, used 11130K [0x00000000e0000000, 0x00000000e1580000, 0x00000000f5580000)
  object space 22016K, 50% used [0x00000000e0000000,0x00000000e0adea60,0x00000000e1580000)
 Metaspace       used 16801K, capacity 17140K, committed 17536K, reserved 1064960K
  class space    used 1960K, capacity 2053K, committed 2176K, reserved 1048576K
}
Event: 5.191 GC heap before
{Heap before GC invocations=7 (full 0):
 PSYoungGen      total 39936K, used 22383K [0x00000000f5580000, 0x00000000f8380000, 0x0000000100000000)
  eden space 34304K, 50% used [0x00000000f5580000,0x00000000f666f160,0x00000000f7700000)
  from space 5632K, 89% used [0x00000000f7d00000,0x00000000f81ecc38,0x00000000f8280000)
  to   space 6144K, 0% used [0x00000000f7700000,0x00000000f7700000,0x00000000f7d00000)
 ParOldGen       total 22016K, used 11130K [0x00000000e0000000, 0x00000000e1580000, 0x00000000f5580000)
  object space 22016K, 50% used [0x00000000e0000000,0x00000000e0adea60,0x00000000e1580000)
 Metaspace       used 20643K, capacity 21114K, committed 21296K, reserved 1069056K
  class space    used 2441K, capacity 2591K, committed 2608K, reserved 1048576K
Event: 5.229 GC heap after
Heap after GC invocations=7 (full 0):
 PSYoungGen      total 40448K, used 5648K [0x00000000f5580000, 0x00000000fa680000, 0x0000000100000000)
  eden space 34304K, 0% used [0x00000000f5580000,0x00000000f5580000,0x00000000f7700000)
  from space 6144K, 91% used [0x00000000f7700000,0x00000000f7c84130,0x00000000f7d00000)
  to   space 7168K, 0% used [0x00000000f9f80000,0x00000000f9f80000,0x00000000fa680000)
 ParOldGen       total 22016K, used 11537K [0x00000000e0000000, 0x00000000e1580000, 0x00000000f5580000)
  object space 22016K, 52% used [0x00000000e0000000,0x00000000e0b44538,0x00000000e1580000)
 Metaspace       used 20643K, capacity 21114K, committed 21296K, reserved 1069056K
  class space    used 2441K, capacity 2591K, committed 2608K, reserved 1048576K
}
Event: 5.229 GC heap before
{Heap before GC invocations=8 (full 1):
 PSYoungGen      total 40448K, used 5648K [0x00000000f5580000, 0x00000000fa680000, 0x0000000100000000)
  eden space 34304K, 0% used [0x00000000f5580000,0x00000000f5580000,0x00000000f7700000)
  from space 6144K, 91% used [0x00000000f7700000,0x00000000f7c84130,0x00000000f7d00000)
  to   space 7168K, 0% used [0x00000000f9f80000,0x00000000f9f80000,0x00000000fa680000)
 ParOldGen       total 22016K, used 11537K [0x00000000e0000000, 0x00000000e1580000, 0x00000000f5580000)
  object space 22016K, 52% used [0x00000000e0000000,0x00000000e0b44538,0x00000000e1580000)
 Metaspace       used 20643K, capacity 21114K, committed 21296K, reserved 1069056K
  class space    used 2441K, capacity 2591K, committed 2608K, reserved 1048576K
Event: 5.402 GC heap after
Heap after GC invocations=8 (full 1):
 PSYoungGen      total 40448K, used 0K [0x00000000f5580000, 0x00000000fa680000, 0x0000000100000000)
  eden space 34304K, 0% used [0x00000000f5580000,0x00000000f5580000,0x00000000f7700000)
  from space 6144K, 0% used [0x00000000f7700000,0x00000000f7700000,0x00000000f7d00000)
  to   space 7168K, 0% used [0x00000000f9f80000,0x00000000f9f80000,0x00000000fa680000)
 ParOldGen       total 32256K, used 14046K [0x00000000e0000000, 0x00000000e1f80000, 0x00000000f5580000)
  object space 32256K, 43% used [0x00000000e0000000,0x00000000e0db7938,0x00000000e1f80000)
 Metaspace       used 20643K, capacity 21114K, committed 21296K, reserved 1069056K
  class space    used 2441K, capacity 2591K, committed 2608K, reserved 1048576K
}
Event: 7.222 GC heap before
{Heap before GC invocations=9 (full 1):
 PSYoungGen      total 40448K, used 34304K [0x00000000f5580000, 0x00000000fa680000, 0x0000000100000000)
  eden space 34304K, 100% used [0x00000000f5580000,0x00000000f7700000,0x00000000f7700000)
  from space 6144K, 0% used [0x00000000f7700000,0x00000000f7700000,0x00000000f7d00000)
  to   space 7168K, 0% used [0x00000000f9f80000,0x00000000f9f80000,0x00000000fa680000)
 ParOldGen       total 32256K, used 14046K [0x00000000e0000000, 0x00000000e1f80000, 0x00000000f5580000)
  object space 32256K, 43% used [0x00000000e0000000,0x00000000e0db7938,0x00000000e1f80000)
 Metaspace       used 22752K, capacity 23272K, committed 23472K, reserved 1069056K
  class space    used 2721K, capacity 2898K, committed 2992K, reserved 1048576K
Event: 7.255 GC heap after
Heap after GC invocations=9 (full 1):
 PSYoungGen      total 56320K, used 7102K [0x00000000f5580000, 0x00000000fa680000, 0x0000000100000000)
  eden space 49152K, 0% used [0x00000000f5580000,0x00000000f5580000,0x00000000f8580000)
  from space 7168K, 99% used [0x00000000f9f80000,0x00000000fa66fb10,0x00000000fa680000)
  to   space 8192K, 0% used [0x00000000f9680000,0x00000000f9680000,0x00000000f9e80000)
 ParOldGen       total 32256K, used 14054K [0x00000000e0000000, 0x00000000e1f80000, 0x00000000f5580000)
  object space 32256K, 43% used [0x00000000e0000000,0x00000000e0db9938,0x00000000e1f80000)
 Metaspace       used 22752K, capacity 23272K, committed 23472K, reserved 1069056K
  class space    used 2721K, capacity 2898K, committed 2992K, reserved 1048576K
}

Deoptimization events (10 events):
Event: 6.721 Thread 0x000002a079d15800 Uncommon trap: reason=unstable_if action=reinterpret pc=0x000002a000579f2c method=org.jetbrains.kotlin.com.intellij.openapi.vfs.impl.ZipEntryMap.isTheOne(Lorg/jetbrains/kotlin/com/intellij/openapi/vfs/impl/ArchiveHandler$EntryInfo;Ljava/lang/CharSequence;
Event: 6.727 Thread 0x000002a079d15800 Uncommon trap: reason=unstable_if action=reinterpret pc=0x000002a000575eec method=org.jetbrains.kotlin.com.intellij.openapi.vfs.impl.ZipEntryMap.isTheOne(Lorg/jetbrains/kotlin/com/intellij/openapi/vfs/impl/ArchiveHandler$EntryInfo;Ljava/lang/CharSequence;
Event: 6.733 Thread 0x000002a079d15800 Uncommon trap: reason=unstable_if action=reinterpret pc=0x000002a0003a2954 method=java.lang.String.<init>([CII)V @ 18
Event: 7.156 Thread 0x000002a079d15800 Uncommon trap: reason=class_check action=maybe_recompile pc=0x000002a0005b2e20 method=gnu.trove.TObjectHash.computeHashCode(Ljava/lang/Object;)I @ 5
Event: 7.156 Thread 0x000002a079d15800 Uncommon trap: reason=class_check action=maybe_recompile pc=0x000002a0005b2e20 method=gnu.trove.TObjectHash.computeHashCode(Ljava/lang/Object;)I @ 5
Event: 7.158 Thread 0x000002a079d15800 Uncommon trap: reason=class_check action=maybe_recompile pc=0x000002a0005b2e20 method=gnu.trove.TObjectHash.computeHashCode(Ljava/lang/Object;)I @ 5
Event: 7.161 Thread 0x000002a079d15800 Uncommon trap: reason=class_check action=maybe_recompile pc=0x000002a0005b2e20 method=gnu.trove.TObjectHash.computeHashCode(Ljava/lang/Object;)I @ 5
Event: 7.166 Thread 0x000002a079d15800 Uncommon trap: reason=class_check action=maybe_recompile pc=0x000002a000597648 method=gnu.trove.TObjectHash.equals(Ljava/lang/Object;Ljava/lang/Object;)Z @ 6
Event: 7.166 Thread 0x000002a079d15800 Uncommon trap: reason=class_check action=maybe_recompile pc=0x000002a000597648 method=gnu.trove.TObjectHash.equals(Ljava/lang/Object;Ljava/lang/Object;)Z @ 6
Event: 7.166 Thread 0x000002a079d15800 Uncommon trap: reason=class_check action=maybe_recompile pc=0x000002a000597648 method=gnu.trove.TObjectHash.equals(Ljava/lang/Object;Ljava/lang/Object;)Z @ 6

Classes redefined (0 events):
No events

Internal exceptions (10 events):
Event: 1.620 Thread 0x000002a079d15800 Exception <a 'java/security/PrivilegedActionException'> (0x00000000f5b52780) thrown at [J:\jenkins\tmp\workspace\build\src\hotspot\src\share\vm\prims\jvm.cpp, line 1502]
Event: 1.621 Thread 0x000002a079d15800 Exception <a 'java/security/PrivilegedActionException'> (0x00000000f5b54318) thrown at [J:\jenkins\tmp\workspace\build\src\hotspot\src\share\vm\prims\jvm.cpp, line 1502]
Event: 1.621 Thread 0x000002a079d15800 Exception <a 'java/security/PrivilegedActionException'> (0x00000000f5b54710) thrown at [J:\jenkins\tmp\workspace\build\src\hotspot\src\share\vm\prims\jvm.cpp, line 1502]
Event: 2.295 Thread 0x000002a079d15800 Exception <a 'java/lang/ArrayIndexOutOfBoundsException'> (0x00000000f57a30d8) thrown at [J:\jenkins\tmp\workspace\build\src\hotspot\src\share\vm\runtime\sharedRuntime.cpp, line 605]
Event: 2.823 Thread 0x000002a079d15800 Exception <a 'java/lang/ArrayIndexOutOfBoundsException'> (0x00000000f58b1ea0) thrown at [J:\jenkins\tmp\workspace\build\src\hotspot\src\share\vm\runtime\sharedRuntime.cpp, line 605]
Event: 4.144 Thread 0x000002a079d15800 Exception <a 'java/lang/NoSuchMethodError': java.lang.Object.lambda$comparing$77a9974f$1(Ljava/util/function/Function;Ljava/lang/Object;Ljava/lang/Object;)I> (0x00000000f63ae1b0) thrown at [J:\jenkins\tmp\workspace\build\src\hotspot\src\share\vm\interpret
Event: 4.191 Thread 0x000002a079d15800 Exception <a 'java/lang/NoSuchMethodError': java.lang.Object.lambda$static$0()J> (0x00000000f64b3988) thrown at [J:\jenkins\tmp\workspace\build\src\hotspot\src\share\vm\interpreter\linkResolver.cpp, line 620]
Event: 4.635 Thread 0x000002a079d15800 Exception <a 'java/lang/NoSuchMethodError': java.lang.Object.lambda$static$0(I)[Lorg/jetbrains/kotlin/com/intellij/openapi/editor/event/DocumentListener;> (0x00000000f5b0d2c0) thrown at [J:\jenkins\tmp\workspace\build\src\hotspot\src\share\vm\interpreter\
Event: 4.713 Thread 0x000002a079d15800 Exception <a 'java/lang/NoSuchMethodError': java.lang.Object.lambda$static$0(I)[Lorg/jetbrains/kotlin/com/intellij/psi/PsiAnnotation;> (0x00000000f5d2bae8) thrown at [J:\jenkins\tmp\workspace\build\src\hotspot\src\share\vm\interpreter\linkResolver.cpp, li
Event: 5.049 Thread 0x000002a079d15800 Exception <a 'java/lang/NoSuchMethodError': java.lang.Object.lambda$static$0(I)[Lorg/jetbrains/kotlin/com/intellij/psi/PsiElement;> (0x00000000f63b9880) thrown at [J:\jenkins\tmp\workspace\build\src\hotspot\src\share\vm\interpreter\linkResolver.cpp, line 

Events (10 events):
Event: 7.696 loading class org/jetbrains/kotlin/serialization/deserialization/ClassDataFinder
Event: 7.696 loading class org/jetbrains/kotlin/serialization/deserialization/ClassDataFinder done
Event: 7.698 loading class org/jetbrains/kotlin/serialization/deserialization/DeserializedPackageFragmentImpl$classDataFinder$1
Event: 7.698 loading class org/jetbrains/kotlin/serialization/deserialization/DeserializedPackageFragmentImpl$classDataFinder$1 done
Event: 7.699 loading class org/jetbrains/kotlin/serialization/deserialization/NameResolverUtilKt
Event: 7.699 loading class org/jetbrains/kotlin/serialization/deserialization/NameResolverUtilKt done
Event: 7.700 loading class org/jetbrains/kotlin/protobuf/Utf8
Event: 7.700 loading class org/jetbrains/kotlin/protobuf/Utf8 done
Event: 7.701 loading class org/jetbrains/kotlin/metadata/deserialization/NameResolverImpl$WhenMappings
Event: 7.701 loading class org/jetbrains/kotlin/metadata/deserialization/NameResolverImpl$WhenMappings done


Dynamic libraries:
0x00007ff6da410000 - 0x00007ff6da44a000 	C:\Program Files\AdoptOpenJDK\jdk-8.0.252.09-hotspot\jre\bin\java.exe
0x00007ffedc300000 - 0x00007ffedc4ed000 	C:\Windows\SYSTEM32\ntdll.dll
0x00007ffed97d0000 - 0x00007ffed9883000 	C:\Windows\System32\KERNEL32.DLL
0x00007ffed8700000 - 0x00007ffed8995000 	C:\Windows\System32\KERNELBASE.dll
0x00007ffed99f0000 - 0x00007ffed9a93000 	C:\Windows\System32\ADVAPI32.dll
0x00007ffed9950000 - 0x00007ffed99ee000 	C:\Windows\System32\msvcrt.dll
0x00007ffedbdc0000 - 0x00007ffedbe5e000 	C:\Windows\System32\sechost.dll
0x00007ffed9aa0000 - 0x00007ffed9bc2000 	C:\Windows\System32\RPCRT4.dll
0x00007ffedbe60000 - 0x00007ffedbff7000 	C:\Windows\System32\USER32.dll
0x00007ffed84b0000 - 0x00007ffed84d0000 	C:\Windows\System32\win32u.dll
0x00007ffed9520000 - 0x00007ffed9549000 	C:\Windows\System32\GDI32.dll
0x00007ffed9380000 - 0x00007ffed951a000 	C:\Windows\System32\gdi32full.dll
0x00007ffed8410000 - 0x00007ffed84b0000 	C:\Windows\System32\msvcp_win.dll
0x00007ffed8600000 - 0x00007ffed86fa000 	C:\Windows\System32\ucrtbase.dll
0x00007ffec7810000 - 0x00007ffec7a89000 	C:\Windows\WinSxS\amd64_microsoft.windows.common-controls_6595b64144ccf1df_6.0.17763.1282_none_de75b6f253473c0f\COMCTL32.dll
0x00007ffedb6b0000 - 0x00007ffedb9dc000 	C:\Windows\System32\combase.dll
0x00007ffed8580000 - 0x00007ffed85fe000 	C:\Windows\System32\bcryptPrimitives.dll
0x00007ffedba50000 - 0x00007ffedba7e000 	C:\Windows\System32\IMM32.DLL
0x00007ffec7bb0000 - 0x00007ffec7c9f000 	C:\Program Files\AdoptOpenJDK\jdk-8.0.252.09-hotspot\jre\bin\msvcr120.dll
0x00007ffec6110000 - 0x00007ffec61b6000 	C:\Program Files\AdoptOpenJDK\jdk-8.0.252.09-hotspot\jre\bin\msvcp120.dll
0x0000000066e70000 - 0x000000006766e000 	C:\Program Files\AdoptOpenJDK\jdk-8.0.252.09-hotspot\jre\bin\server\jvm.dll
0x00007ffed9940000 - 0x00007ffed9948000 	C:\Windows\System32\PSAPI.DLL
0x00007ffed6550000 - 0x00007ffed6574000 	C:\Windows\SYSTEM32\WINMM.dll
0x00007ffed2630000 - 0x00007ffed263a000 	C:\Windows\SYSTEM32\VERSION.dll
0x00007ffed64f0000 - 0x00007ffed651d000 	C:\Windows\SYSTEM32\winmmbase.dll
0x00007ffed83c0000 - 0x00007ffed840a000 	C:\Windows\System32\cfgmgr32.dll
0x00007ffecb840000 - 0x00007ffecb849000 	C:\Windows\SYSTEM32\WSOCK32.dll
0x00007ffedb9e0000 - 0x00007ffedba4d000 	C:\Windows\System32\WS2_32.dll
0x00007ffed4ec0000 - 0x00007ffed4ecf000 	C:\Program Files\AdoptOpenJDK\jdk-8.0.252.09-hotspot\jre\bin\verify.dll
0x00007ffec8790000 - 0x00007ffec87b8000 	C:\Program Files\AdoptOpenJDK\jdk-8.0.252.09-hotspot\jre\bin\java.dll
0x00007ffed0490000 - 0x00007ffed04a6000 	C:\Program Files\AdoptOpenJDK\jdk-8.0.252.09-hotspot\jre\bin\zip.dll
0x00007ffeda130000 - 0x00007ffedb628000 	C:\Windows\System32\SHELL32.dll
0x00007ffed9550000 - 0x00007ffed95f8000 	C:\Windows\System32\shcore.dll
0x00007ffed8c30000 - 0x00007ffed937f000 	C:\Windows\System32\windows.storage.dll
0x00007ffed8350000 - 0x00007ffed8374000 	C:\Windows\System32\profapi.dll
0x00007ffed82f0000 - 0x00007ffed834d000 	C:\Windows\System32\powrprof.dll
0x00007ffed9770000 - 0x00007ffed97c2000 	C:\Windows\System32\shlwapi.dll
0x00007ffed8380000 - 0x00007ffed8391000 	C:\Windows\System32\kernel.appcore.dll
0x00007ffed89a0000 - 0x00007ffed89b7000 	C:\Windows\System32\cryptsp.dll
0x00007ffed0080000 - 0x00007ffed009a000 	C:\Program Files\AdoptOpenJDK\jdk-8.0.252.09-hotspot\jre\bin\net.dll
0x00007ffed7af0000 - 0x00007ffed7b57000 	C:\Windows\system32\mswsock.dll
0x00007ffecf770000 - 0x00007ffecf782000 	C:\Program Files\AdoptOpenJDK\jdk-8.0.252.09-hotspot\jre\bin\nio.dll

VM Arguments:
java_command: org.jetbrains.kotlin.cli.jvm.K2JVMCompiler -Xallow-no-source-files -classpath C:\Users\ITsupport.AR\.gradle\caches\modules-2\files-2.1\org.jetbrains.kotlin\kotlin-stdlib-jdk8\1.3.72\916d54b9eb6442b615e6f1488978f551c0674720\kotlin-stdlib-jdk8-1.3.72.jar;C:\Users\ITsupport.AR\.gradle\caches\modules-2\files-2.1\org.jetbrains.kotlin\kotlin-reflect\1.3.72\86613e1a669a701b0c660bfd2af4f82a7ae11fca\kotlin-reflect-1.3.72.jar;C:\Users\ITsupport.AR\.gradle\caches\modules-2\files-2.1\org.jetbrains.kotlin\kotlin-script-runtime\1.3.72\657d8d34d91e1964b4439378c09933e840bfe8d5\kotlin-script-runtime-1.3.72.jar;C:\Users\ITsupport.AR\.gradle\caches\modules-2\files-2.1\org.jetbrains.kotlin\kotlin-stdlib-jdk7\1.3.72\3adfc2f4ea4243e01204be8081fe63bde6b12815\kotlin-stdlib-jdk7-1.3.72.jar;C:\Users\ITsupport.AR\.gradle\caches\modules-2\files-2.1\org.jetbrains.kotlin\kotlin-stdlib\1.3.72\8032138f12c0180bc4e51fe139d4c52b46db6109\kotlin-stdlib-1.3.72.jar;C:\Users\ITsupport.AR\.gradle\caches\modules-2\files-2.1\org.jetbrains.kotlin\kotlin-stdlib-common\1.3.72\6ca8bee3d88957eaaaef077c41c908c9940492d8\kotlin-stdlib-common-1.3.72.jar;C:\Users\ITsupport.AR\.gradle\caches\modules-2\files-2.1\org.jetbrains\annotations\13.0\919f0dfe192fb4e063e7dacadee7f8bb9a2672a9\annotations-13.0.jar -d C:\Users\ITsupport.AR\Desktop\Objetos 2\semana3\servidor-web-tdd-RaulAGutierrez\build\classes\kotlin\main -jvm-target 1.8 -module-name servidorWeb -no-reflect -no-stdlib -Xplugin=C:\Users\ITsupport.AR\.gradle\caches\modules-2\files-2.1\org.jetbrains.kotlin\kotlin-script-runtime\1.3.72\657d8d34d91e1964b4439378c09933e840bfe8d5\kotlin-script-runtime-1.3.72.jar,C:\Users\ITsupport.AR\.gradle\caches\modules-2\files-2.1\org.jetbrains.kotlin\kotlin-scripting-common\1.3.72\e09990437040879d692655d66f58a64318681ffe\kotlin-scripting-common-1.3.72.jar,C:\Users\ITsupport.AR\.gradle\caches\modules-2\files-2.1\org.jetbrains.kotlin\kotlin-scripting-compiler-embeddable\1.3.72\f8fb26323755b46c221da2b37a65da20381bc896\kot
java_class_path (initial): C:\Users\ITsupport.AR\.gradle\caches\modules-2\files-2.1\org.jetbrains.kotlin\kotlin-compiler-embeddable\1.3.72\fb72232c8fa977d5e07d33c43381ddbdc5edab6\kotlin-compiler-embeddable-1.3.72.jar;C:\Users\ITsupport.AR\.gradle\caches\modules-2\files-2.1\org.jetbrains.kotlin\kotlin-reflect\1.3.72\86613e1a669a701b0c660bfd2af4f82a7ae11fca\kotlin-reflect-1.3.72.jar;C:\Users\ITsupport.AR\.gradle\caches\modules-2\files-2.1\org.jetbrains.kotlin\kotlin-stdlib\1.3.72\8032138f12c0180bc4e51fe139d4c52b46db6109\kotlin-stdlib-1.3.72.jar;C:\Users\ITsupport.AR\.gradle\caches\modules-2\files-2.1\org.jetbrains.kotlin\kotlin-script-runtime\1.3.72\657d8d34d91e1964b4439378c09933e840bfe8d5\kotlin-script-runtime-1.3.72.jar;C:\Users\ITsupport.AR\.gradle\caches\modules-2\files-2.1\org.jetbrains.kotlin\kotlin-daemon-embeddable\1.3.72\53bbaa2816dbf6bdb85f629451b1fcc88f2164d2\kotlin-daemon-embeddable-1.3.72.jar;C:\Users\ITsupport.AR\.gradle\caches\modules-2\files-2.1\org.jetbrains.intellij.deps\trove4j\1.0.20181211\216c2e14b070f334479d800987affe4054cd563f\trove4j-1.0.20181211.jar;C:\Users\ITsupport.AR\.gradle\caches\modules-2\files-2.1\org.jetbrains.kotlin\kotlin-stdlib-common\1.3.72\6ca8bee3d88957eaaaef077c41c908c9940492d8\kotlin-stdlib-common-1.3.72.jar;C:\Users\ITsupport.AR\.gradle\caches\modules-2\files-2.1\org.jetbrains\annotations\13.0\919f0dfe192fb4e063e7dacadee7f8bb9a2672a9\annotations-13.0.jar;C:\Program Files\AdoptOpenJDK\jdk-8.0.252.09-hotspot\lib\tools.jar
Launcher Type: SUN_STANDARD

Environment Variables:
PATH=C:\Program Files\AdoptOpenJDK\jdk-8.0.252.09-hotspot\bin;C:\Windows\system32;C:\Windows;C:\Windows\System32\Wbem;C:\Windows\System32\WindowsPowerShell\v1.0\;C:\Windows\System32\OpenSSH\;C:\Program Files\Git\cmd;C:\Users\ITsupport.AR\AppData\Local\Microsoft\WindowsApps;;C:\Program Files\JetBrains\IntelliJ IDEA Community Edition 2020\bin;
USERNAME=Programacion
OS=Windows_NT
PROCESSOR_IDENTIFIER=Intel64 Family 6 Model 142 Stepping 10, GenuineIntel



---------------  S Y S T E M  ---------------

OS: Windows 10.0 , 64 bit Build 17763 (10.0.17763.1158)

CPU:total 2 (initial active 2) (2 cores per cpu, 1 threads per core) family 6 model 142 stepping 10, cmov, cx8, fxsr, mmx, sse, sse2, sse3, ssse3, sse4.1, sse4.2, popcnt, avx, avx2, aes, clmul, erms, 3dnowpref, lzcnt, tsc, tscinvbit, bmi1, bmi2, adx

Memory: 4k page, physical 2096628k(367512k free), swap 6220400k(6400k free)

vm_info: OpenJDK 64-Bit Server VM (25.252-b09) for windows-amd64 JRE (1.8.0_252-b09), built on Apr 16 2020 11:02:49 by "jenkins" with MS VC++ 12.0 (VS2013)

time: Sat Aug 29 19:14:43 2020
timezone: Hora estándar de Argentina
elapsed time: 7 seconds (0d 0h 0m 7s)

