#
# There is insufficient memory for the Java Runtime Environment to continue.
# Native memory allocation (malloc) failed to allocate 507264 bytes for Chunk::new
# Possible reasons:
#   The system is out of physical RAM or swap space
#   The process is running with CompressedOops enabled, and the Java Heap may be blocking the growth of the native heap
# Possible solutions:
#   Reduce memory load on the system
#   Increase physical memory or swap space
#   Check if swap backing store is full
#   Decrease Java heap size (-Xmx/-Xms)
#   Decrease number of Java threads
#   Decrease Java thread stack sizes (-Xss)
#   Set larger code cache with -XX:ReservedCodeCacheSize=
#   JVM is running with Unscaled Compressed Oops mode in which the Java heap is
#     placed in the first 4GB address space. The Java Heap base address is the
#     maximum limit for the native heap growth. Please use -XX:HeapBaseMinAddress
#     to set the Java Heap base and to place the Java Heap above 4GB virtual address.
# This output file may be truncated or incomplete.
#
#  Out of Memory Error (allocation.cpp:389), pid=13492, tid=0x000000000000300c
#
# JRE version: OpenJDK Runtime Environment (8.0_252-b09) (build 1.8.0_252-b09)
# Java VM: OpenJDK 64-Bit Server VM (25.252-b09 mixed mode windows-amd64 compressed oops)
# Failed to write core dump. Minidumps are not enabled by default on client versions of Windows
#

---------------  T H R E A D  ---------------

Current thread (0x000001ae35526800):  JavaThread "C2 CompilerThread0" daemon [_thread_in_native, id=12300, stack(0x0000009ed6200000,0x0000009ed6300000)]

Stack: [0x0000009ed6200000,0x0000009ed6300000]
[error occurred during error reporting (printing stack bounds), id 0xc0000005]

Native frames: (J=compiled Java code, j=interpreted, Vv=VM code, C=native code)


Current CompileTask:
C2:   8463 1529   !   4       java.lang.ClassLoader::loadClass (122 bytes)


---------------  P R O C E S S  ---------------

Java Threads: ( => current thread )
  0x000001ae3557d000 JavaThread "Service Thread" daemon [_thread_blocked, id=8316, stack(0x0000009ed6400000,0x0000009ed6500000)]
  0x000001ae3557b000 JavaThread "C1 CompilerThread1" daemon [_thread_blocked, id=12956, stack(0x0000009ed6300000,0x0000009ed6400000)]
=>0x000001ae35526800 JavaThread "C2 CompilerThread0" daemon [_thread_in_native, id=12300, stack(0x0000009ed6200000,0x0000009ed6300000)]
  0x000001ae35523800 JavaThread "Attach Listener" daemon [_thread_blocked, id=9696, stack(0x0000009ed6100000,0x0000009ed6200000)]
  0x000001ae35520800 JavaThread "Signal Dispatcher" daemon [_thread_blocked, id=14316, stack(0x0000009ed6000000,0x0000009ed6100000)]
  0x000001ae354f5000 JavaThread "Finalizer" daemon [_thread_blocked, id=3132, stack(0x0000009ed5f00000,0x0000009ed6000000)]
  0x000001ae354f4000 JavaThread "Reference Handler" daemon [_thread_blocked, id=12676, stack(0x0000009ed5e00000,0x0000009ed5f00000)]
  0x000001ae22814800 JavaThread "main" [_thread_in_vm, id=11992, stack(0x0000009ed5a00000,0x0000009ed5b00000)]

Other Threads:
  0x000001ae354d3800 VMThread [stack: 0x0000009ed5d00000,0x0000009ed5e00000] [id=4440]
  0x000001ae3557f000 WatcherThread [stack: 0x0000009ed6500000,0x0000009ed6600000] [id=4404]

VM state:not at safepoint (normal execution)

VM Mutex/Monitor currently owned by a thread: None

heap address: 0x00000000e0000000, size: 512 MB, Compressed Oops mode: 32-bit
Narrow klass base: 0x0000000000000000, Narrow klass shift: 3
Compressed class space size: 1073741824 Address: 0x0000000100000000

Heap:
 PSYoungGen      total 21504K, used 12923K [0x00000000f5580000, 0x00000000f6e80000, 0x0000000100000000)
  eden space 17408K, 50% used [0x00000000f5580000,0x00000000f5e20e98,0x00000000f6680000)
  from space 4096K, 99% used [0x00000000f6680000,0x00000000f6a7e098,0x00000000f6a80000)
  to   space 4096K, 0% used [0x00000000f6a80000,0x00000000f6a80000,0x00000000f6e80000)
 ParOldGen       total 22016K, used 10580K [0x00000000e0000000, 0x00000000e1580000, 0x00000000f5580000)
  object space 22016K, 48% used [0x00000000e0000000,0x00000000e0a55358,0x00000000e1580000)
 Metaspace       used 19283K, capacity 19692K, committed 19840K, reserved 1067008K
  class space    used 2246K, capacity 2347K, committed 2432K, reserved 1048576K

Card table byte_map: [0x000001ae33470000,0x000001ae33580000] byte_map_base: 0x000001ae32d70000

Marking Bits: (ParMarkBitMap*) 0x00000000675f5010
 Begin Bits: [0x000001ae33630000, 0x000001ae33e30000)
 End Bits:   [0x000001ae33e30000, 0x000001ae34630000)

Polling page: 0x000001ae22740000

CodeCache: size=245760Kb used=5088Kb max_used=5088Kb free=240671Kb
 bounds [0x000001ae240b0000, 0x000001ae245b0000, 0x000001ae330b0000]
 total_blobs=1925 nmethods=1541 adapters=297
 compilation: enabled

Compilation events (10 events):
Event: 8.381 Thread 0x000001ae3557b000 1539       3       java.lang.reflect.Modifier::isProtected (12 bytes)
Event: 8.381 Thread 0x000001ae3557b000 nmethod 1539 0x000001ae24596a50 code [0x000001ae24596ba0, 0x000001ae24596d38]
Event: 8.383 Thread 0x000001ae3557b000 1540       3       java.lang.invoke.CallSite::maybeReBox (28 bytes)
Event: 8.384 Thread 0x000001ae3557b000 nmethod 1540 0x000001ae245a8150 code [0x000001ae245a82e0, 0x000001ae245a8978]
Event: 8.401 Thread 0x000001ae3557b000 1541       3       sun.invoke.util.Wrapper::hashPrim (30 bytes)
Event: 8.401 Thread 0x000001ae3557b000 nmethod 1541 0x000001ae245a8bd0 code [0x000001ae245a8da0, 0x000001ae245a9550]
Event: 8.406 Thread 0x000001ae3557b000 1543       3       java.util.AbstractList$Itr::<init> (6 bytes)
Event: 8.407 Thread 0x000001ae3557b000 nmethod 1543 0x000001ae245a98d0 code [0x000001ae245a9a40, 0x000001ae245a9c98]
Event: 8.407 Thread 0x000001ae3557b000 1544       1       java.lang.invoke.InnerClassLambdaMetafactory::access$300 (5 bytes)
Event: 8.408 Thread 0x000001ae3557b000 nmethod 1544 0x000001ae24596790 code [0x000001ae245968e0, 0x000001ae245969d8]

GC Heap History (10 events):
Event: 4.866 GC heap before
{Heap before GC invocations=3 (full 0):
 PSYoungGen      total 9728K, used 9696K [0x00000000f5580000, 0x00000000f6000000, 0x0000000100000000)
  eden space 8704K, 100% used [0x00000000f5580000,0x00000000f5e00000,0x00000000f5e00000)
  from space 1024K, 96% used [0x00000000f5f00000,0x00000000f5ff8020,0x00000000f6000000)
  to   space 1024K, 0% used [0x00000000f5e00000,0x00000000f5e00000,0x00000000f5f00000)
 ParOldGen       total 22016K, used 2741K [0x00000000e0000000, 0x00000000e1580000, 0x00000000f5580000)
  object space 22016K, 12% used [0x00000000e0000000,0x00000000e02ad428,0x00000000e1580000)
 Metaspace       used 9086K, capacity 9260K, committed 9600K, reserved 1058816K
  class space    used 967K, capacity 1052K, committed 1152K, reserved 1048576K
Event: 4.873 GC heap after
Heap after GC invocations=3 (full 0):
 PSYoungGen      total 9728K, used 1024K [0x00000000f5580000, 0x00000000f6000000, 0x0000000100000000)
  eden space 8704K, 0% used [0x00000000f5580000,0x00000000f5580000,0x00000000f5e00000)
  from space 1024K, 100% used [0x00000000f5e00000,0x00000000f5f00000,0x00000000f5f00000)
  to   space 1024K, 0% used [0x00000000f5f00000,0x00000000f5f00000,0x00000000f6000000)
 ParOldGen       total 22016K, used 4797K [0x00000000e0000000, 0x00000000e1580000, 0x00000000f5580000)
  object space 22016K, 21% used [0x00000000e0000000,0x00000000e04af4c8,0x00000000e1580000)
 Metaspace       used 9086K, capacity 9260K, committed 9600K, reserved 1058816K
  class space    used 967K, capacity 1052K, committed 1152K, reserved 1048576K
}
Event: 5.377 GC heap before
{Heap before GC invocations=4 (full 0):
 PSYoungGen      total 9728K, used 9728K [0x00000000f5580000, 0x00000000f6000000, 0x0000000100000000)
  eden space 8704K, 100% used [0x00000000f5580000,0x00000000f5e00000,0x00000000f5e00000)
  from space 1024K, 100% used [0x00000000f5e00000,0x00000000f5f00000,0x00000000f5f00000)
  to   space 1024K, 0% used [0x00000000f5f00000,0x00000000f5f00000,0x00000000f6000000)
 ParOldGen       total 22016K, used 4797K [0x00000000e0000000, 0x00000000e1580000, 0x00000000f5580000)
  object space 22016K, 21% used [0x00000000e0000000,0x00000000e04af4c8,0x00000000e1580000)
 Metaspace       used 10329K, capacity 10428K, committed 10752K, reserved 1058816K
  class space    used 1126K, capacity 1180K, committed 1280K, reserved 1048576K
Event: 5.387 GC heap after
Heap after GC invocations=4 (full 0):
 PSYoungGen      total 9728K, used 1024K [0x00000000f5580000, 0x00000000f6000000, 0x0000000100000000)
  eden space 8704K, 0% used [0x00000000f5580000,0x00000000f5580000,0x00000000f5e00000)
  from space 1024K, 100% used [0x00000000f5f00000,0x00000000f6000000,0x00000000f6000000)
  to   space 1024K, 0% used [0x00000000f5e00000,0x00000000f5e00000,0x00000000f5f00000)
 ParOldGen       total 22016K, used 6781K [0x00000000e0000000, 0x00000000e1580000, 0x00000000f5580000)
  object space 22016K, 30% used [0x00000000e0000000,0x00000000e069f6d0,0x00000000e1580000)
 Metaspace       used 10329K, capacity 10428K, committed 10752K, reserved 1058816K
  class space    used 1126K, capacity 1180K, committed 1280K, reserved 1048576K
}
Event: 5.961 GC heap before
{Heap before GC invocations=5 (full 0):
 PSYoungGen      total 9728K, used 9728K [0x00000000f5580000, 0x00000000f6000000, 0x0000000100000000)
  eden space 8704K, 100% used [0x00000000f5580000,0x00000000f5e00000,0x00000000f5e00000)
  from space 1024K, 100% used [0x00000000f5f00000,0x00000000f6000000,0x00000000f6000000)
  to   space 1024K, 0% used [0x00000000f5e00000,0x00000000f5e00000,0x00000000f5f00000)
 ParOldGen       total 22016K, used 6781K [0x00000000e0000000, 0x00000000e1580000, 0x00000000f5580000)
  object space 22016K, 30% used [0x00000000e0000000,0x00000000e069f6d0,0x00000000e1580000)
 Metaspace       used 11305K, capacity 11548K, committed 11648K, reserved 1058816K
  class space    used 1237K, capacity 1324K, committed 1408K, reserved 1048576K
Event: 5.975 GC heap after
Heap after GC invocations=5 (full 0):
 PSYoungGen      total 9728K, used 1024K [0x00000000f5580000, 0x00000000f6e80000, 0x0000000100000000)
  eden space 8704K, 0% used [0x00000000f5580000,0x00000000f5580000,0x00000000f5e00000)
  from space 1024K, 100% used [0x00000000f5e00000,0x00000000f5f00000,0x00000000f5f00000)
  to   space 4096K, 0% used [0x00000000f6a80000,0x00000000f6a80000,0x00000000f6e80000)
 ParOldGen       total 22016K, used 9120K [0x00000000e0000000, 0x00000000e1580000, 0x00000000f5580000)
  object space 22016K, 41% used [0x00000000e0000000,0x00000000e08e8320,0x00000000e1580000)
 Metaspace       used 11305K, capacity 11548K, committed 11648K, reserved 1058816K
  class space    used 1237K, capacity 1324K, committed 1408K, reserved 1048576K
}
Event: 6.558 GC heap before
{Heap before GC invocations=6 (full 0):
 PSYoungGen      total 9728K, used 9728K [0x00000000f5580000, 0x00000000f6e80000, 0x0000000100000000)
  eden space 8704K, 100% used [0x00000000f5580000,0x00000000f5e00000,0x00000000f5e00000)
  from space 1024K, 100% used [0x00000000f5e00000,0x00000000f5f00000,0x00000000f5f00000)
  to   space 4096K, 0% used [0x00000000f6a80000,0x00000000f6a80000,0x00000000f6e80000)
 ParOldGen       total 22016K, used 9120K [0x00000000e0000000, 0x00000000e1580000, 0x00000000f5580000)
  object space 22016K, 41% used [0x00000000e0000000,0x00000000e08e8320,0x00000000e1580000)
 Metaspace       used 13206K, capacity 13420K, committed 13696K, reserved 1060864K
  class space    used 1491K, capacity 1562K, committed 1664K, reserved 1048576K
Event: 6.574 GC heap after
Heap after GC invocations=6 (full 0):
 PSYoungGen      total 21504K, used 3169K [0x00000000f5580000, 0x00000000f6e80000, 0x0000000100000000)
  eden space 17408K, 0% used [0x00000000f5580000,0x00000000f5580000,0x00000000f6680000)
  from space 4096K, 77% used [0x00000000f6a80000,0x00000000f6d98438,0x00000000f6e80000)
  to   space 4096K, 0% used [0x00000000f6680000,0x00000000f6680000,0x00000000f6a80000)
 ParOldGen       total 22016K, used 9128K [0x00000000e0000000, 0x00000000e1580000, 0x00000000f5580000)
  object space 22016K, 41% used [0x00000000e0000000,0x00000000e08ea320,0x00000000e1580000)
 Metaspace       used 13206K, capacity 13420K, committed 13696K, reserved 1060864K
  class space    used 1491K, capacity 1562K, committed 1664K, reserved 1048576K
}
Event: 7.704 GC heap before
{Heap before GC invocations=7 (full 0):
 PSYoungGen      total 21504K, used 20577K [0x00000000f5580000, 0x00000000f6e80000, 0x0000000100000000)
  eden space 17408K, 100% used [0x00000000f5580000,0x00000000f6680000,0x00000000f6680000)
  from space 4096K, 77% used [0x00000000f6a80000,0x00000000f6d98438,0x00000000f6e80000)
  to   space 4096K, 0% used [0x00000000f6680000,0x00000000f6680000,0x00000000f6a80000)
 ParOldGen       total 22016K, used 9128K [0x00000000e0000000, 0x00000000e1580000, 0x00000000f5580000)
  object space 22016K, 41% used [0x00000000e0000000,0x00000000e08ea320,0x00000000e1580000)
 Metaspace       used 16806K, capacity 17140K, committed 17536K, reserved 1064960K
  class space    used 1962K, capacity 2053K, committed 2176K, reserved 1048576K
Event: 7.740 GC heap after
Heap after GC invocations=7 (full 0):
 PSYoungGen      total 21504K, used 4088K [0x00000000f5580000, 0x00000000f6e80000, 0x0000000100000000)
  eden space 17408K, 0% used [0x00000000f5580000,0x00000000f5580000,0x00000000f6680000)
  from space 4096K, 99% used [0x00000000f6680000,0x00000000f6a7e098,0x00000000f6a80000)
  to   space 4096K, 0% used [0x00000000f6a80000,0x00000000f6a80000,0x00000000f6e80000)
 ParOldGen       total 22016K, used 10580K [0x00000000e0000000, 0x00000000e1580000, 0x00000000f5580000)
  object space 22016K, 48% used [0x00000000e0000000,0x00000000e0a55358,0x00000000e1580000)
 Metaspace       used 16806K, capacity 17140K, committed 17536K, reserved 1064960K
  class space    used 1962K, capacity 2053K, committed 2176K, reserved 1048576K
}

Deoptimization events (7 events):
Event: 4.071 Thread 0x000001ae22814800 Uncommon trap: reason=unstable_if action=reinterpret pc=0x000001ae2428e7b0 method=java.lang.String.indexOf([CII[CIII)I @ 134
Event: 5.107 Thread 0x000001ae22814800 Uncommon trap: reason=unstable_if action=reinterpret pc=0x000001ae2433e9ec method=kotlin.reflect.jvm.internal.impl.protobuf.CodedInputStream.readRawVarint32()I @ 10
Event: 6.292 Thread 0x000001ae22814800 Uncommon trap: reason=unstable_if action=reinterpret pc=0x000001ae24334a68 method=java.lang.String.<init>([CII)V @ 18
Event: 6.398 Thread 0x000001ae22814800 Uncommon trap: reason=unstable_if action=reinterpret pc=0x000001ae2424e654 method=java.lang.String.replace(CC)Ljava/lang/String; @ 2
Event: 6.477 Thread 0x000001ae22814800 Uncommon trap: reason=unstable_if action=reinterpret pc=0x000001ae242b6bf0 method=java.lang.String.<init>([CII)V @ 18
Event: 7.476 Thread 0x000001ae22814800 Uncommon trap: reason=class_check action=maybe_recompile pc=0x000001ae2443fb00 method=java.util.Collections$UnmodifiableCollection.size()I @ 4
Event: 7.478 Thread 0x000001ae22814800 Uncommon trap: reason=class_check action=maybe_recompile pc=0x000001ae2443fb00 method=java.util.Collections$UnmodifiableCollection.size()I @ 4

Classes redefined (0 events):
No events

Internal exceptions (10 events):
Event: 4.060 Thread 0x000001ae22814800 Exception <a 'java/security/PrivilegedActionException'> (0x00000000f5b404a0) thrown at [J:\jenkins\tmp\workspace\build\src\hotspot\src\share\vm\prims\jvm.cpp, line 1502]
Event: 4.060 Thread 0x000001ae22814800 Exception <a 'java/security/PrivilegedActionException'> (0x00000000f5b40898) thrown at [J:\jenkins\tmp\workspace\build\src\hotspot\src\share\vm\prims\jvm.cpp, line 1502]
Event: 4.061 Thread 0x000001ae22814800 Exception <a 'java/security/PrivilegedActionException'> (0x00000000f5b42430) thrown at [J:\jenkins\tmp\workspace\build\src\hotspot\src\share\vm\prims\jvm.cpp, line 1502]
Event: 4.061 Thread 0x000001ae22814800 Exception <a 'java/security/PrivilegedActionException'> (0x00000000f5b42828) thrown at [J:\jenkins\tmp\workspace\build\src\hotspot\src\share\vm\prims\jvm.cpp, line 1502]
Event: 4.991 Thread 0x000001ae22814800 Exception <a 'java/lang/ArrayIndexOutOfBoundsException'> (0x00000000f5789e50) thrown at [J:\jenkins\tmp\workspace\build\src\hotspot\src\share\vm\runtime\sharedRuntime.cpp, line 605]
Event: 5.590 Thread 0x000001ae22814800 Exception <a 'java/lang/ArrayIndexOutOfBoundsException'> (0x00000000f5893160) thrown at [J:\jenkins\tmp\workspace\build\src\hotspot\src\share\vm\runtime\sharedRuntime.cpp, line 605]
Event: 7.477 Thread 0x000001ae22814800 Exception <a 'java/lang/NoSuchMethodError': java.lang.Object.lambda$comparing$77a9974f$1(Ljava/util/function/Function;Ljava/lang/Object;Ljava/lang/Object;)I> (0x00000000f6393628) thrown at [J:\jenkins\tmp\workspace\build\src\hotspot\src\share\vm\interpret
Event: 7.562 Thread 0x000001ae22814800 Exception <a 'java/lang/NoSuchMethodError': java.lang.Object.lambda$static$0()J> (0x00000000f64995c0) thrown at [J:\jenkins\tmp\workspace\build\src\hotspot\src\share\vm\interpreter\linkResolver.cpp, line 620]
Event: 8.247 Thread 0x000001ae22814800 Exception <a 'java/lang/NoSuchMethodError': java.lang.Object.lambda$static$0(I)[Lorg/jetbrains/kotlin/com/intellij/openapi/editor/event/DocumentListener;> (0x00000000f5af8fa0) thrown at [J:\jenkins\tmp\workspace\build\src\hotspot\src\share\vm\interpreter\
Event: 8.390 Thread 0x000001ae22814800 Exception <a 'java/lang/NoSuchMethodError': java.lang.Object.lambda$static$0(I)[Lorg/jetbrains/kotlin/com/intellij/psi/PsiAnnotation;> (0x00000000f5d18908) thrown at [J:\jenkins\tmp\workspace\build\src\hotspot\src\share\vm\interpreter\linkResolver.cpp, li

Events (10 events):
Event: 8.447 loading class org/jetbrains/kotlin/com/intellij/pom/java/LanguageLevel
Event: 8.447 loading class org/jetbrains/kotlin/com/intellij/pom/java/LanguageLevel done
Event: 8.450 loading class org/jetbrains/kotlin/com/intellij/core/JavaCoreBundle
Event: 8.450 loading class org/jetbrains/kotlin/com/intellij/core/JavaCoreBundle done
Event: 8.450 loading class java/util/ResourceBundle
Event: 8.454 loading class java/util/ResourceBundle done
Event: 8.454 loading class java/util/ResourceBundle$1
Event: 8.454 loading class java/util/ResourceBundle$1 done
Event: 8.454 loading class java/util/spi/ResourceBundleControlProvider
Event: 8.454 loading class java/util/spi/ResourceBundleControlProvider done


Dynamic libraries:
0x00007ff695c80000 - 0x00007ff695cba000 	C:\Program Files\AdoptOpenJDK\jdk-8.0.252.09-hotspot\jre\bin\java.exe
0x00007ffedc300000 - 0x00007ffedc4ed000 	C:\Windows\SYSTEM32\ntdll.dll
0x00007ffed97d0000 - 0x00007ffed9883000 	C:\Windows\System32\KERNEL32.DLL
0x00007ffed8700000 - 0x00007ffed8995000 	C:\Windows\System32\KERNELBASE.dll
0x00007ffed99f0000 - 0x00007ffed9a93000 	C:\Windows\System32\ADVAPI32.dll
0x00007ffed9950000 - 0x00007ffed99ee000 	C:\Windows\System32\msvcrt.dll
0x00007ffedbdc0000 - 0x00007ffedbe5e000 	C:\Windows\System32\sechost.dll
0x00007ffed9aa0000 - 0x00007ffed9bc2000 	C:\Windows\System32\RPCRT4.dll
0x00007ffedbe60000 - 0x00007ffedbff7000 	C:\Windows\System32\USER32.dll
0x00007ffed84b0000 - 0x00007ffed84d0000 	C:\Windows\System32\win32u.dll
0x00007ffed9520000 - 0x00007ffed9549000 	C:\Windows\System32\GDI32.dll
0x00007ffed9380000 - 0x00007ffed951a000 	C:\Windows\System32\gdi32full.dll
0x00007ffed8410000 - 0x00007ffed84b0000 	C:\Windows\System32\msvcp_win.dll
0x00007ffed8600000 - 0x00007ffed86fa000 	C:\Windows\System32\ucrtbase.dll
0x00007ffec7810000 - 0x00007ffec7a89000 	C:\Windows\WinSxS\amd64_microsoft.windows.common-controls_6595b64144ccf1df_6.0.17763.1282_none_de75b6f253473c0f\COMCTL32.dll
0x00007ffedb6b0000 - 0x00007ffedb9dc000 	C:\Windows\System32\combase.dll
0x00007ffed8580000 - 0x00007ffed85fe000 	C:\Windows\System32\bcryptPrimitives.dll
0x00007ffedba50000 - 0x00007ffedba7e000 	C:\Windows\System32\IMM32.DLL
0x00007ffec7bb0000 - 0x00007ffec7c9f000 	C:\Program Files\AdoptOpenJDK\jdk-8.0.252.09-hotspot\jre\bin\msvcr120.dll
0x00007ffec6110000 - 0x00007ffec61b6000 	C:\Program Files\AdoptOpenJDK\jdk-8.0.252.09-hotspot\jre\bin\msvcp120.dll
0x0000000066e70000 - 0x000000006766e000 	C:\Program Files\AdoptOpenJDK\jdk-8.0.252.09-hotspot\jre\bin\server\jvm.dll
0x00007ffed9940000 - 0x00007ffed9948000 	C:\Windows\System32\PSAPI.DLL
0x00007ffed6550000 - 0x00007ffed6574000 	C:\Windows\SYSTEM32\WINMM.dll
0x00007ffed2630000 - 0x00007ffed263a000 	C:\Windows\SYSTEM32\VERSION.dll
0x00007ffecb840000 - 0x00007ffecb849000 	C:\Windows\SYSTEM32\WSOCK32.dll
0x00007ffed64f0000 - 0x00007ffed651d000 	C:\Windows\SYSTEM32\WINMMBASE.dll
0x00007ffed83c0000 - 0x00007ffed840a000 	C:\Windows\System32\cfgmgr32.dll
0x00007ffedb9e0000 - 0x00007ffedba4d000 	C:\Windows\System32\ws2_32.DLL
0x00007ffed4ec0000 - 0x00007ffed4ecf000 	C:\Program Files\AdoptOpenJDK\jdk-8.0.252.09-hotspot\jre\bin\verify.dll
0x00007ffec8790000 - 0x00007ffec87b8000 	C:\Program Files\AdoptOpenJDK\jdk-8.0.252.09-hotspot\jre\bin\java.dll
0x00007ffed0490000 - 0x00007ffed04a6000 	C:\Program Files\AdoptOpenJDK\jdk-8.0.252.09-hotspot\jre\bin\zip.dll
0x00007ffeda130000 - 0x00007ffedb628000 	C:\Windows\System32\SHELL32.dll
0x00007ffed9550000 - 0x00007ffed95f8000 	C:\Windows\System32\shcore.dll
0x00007ffed8c30000 - 0x00007ffed937f000 	C:\Windows\System32\windows.storage.dll
0x00007ffed8350000 - 0x00007ffed8374000 	C:\Windows\System32\profapi.dll
0x00007ffed82f0000 - 0x00007ffed834d000 	C:\Windows\System32\powrprof.dll
0x00007ffed9770000 - 0x00007ffed97c2000 	C:\Windows\System32\shlwapi.dll
0x00007ffed8380000 - 0x00007ffed8391000 	C:\Windows\System32\kernel.appcore.dll
0x00007ffed89a0000 - 0x00007ffed89b7000 	C:\Windows\System32\cryptsp.dll

VM Arguments:
java_command: org.jetbrains.kotlin.cli.jvm.K2JVMCompiler -Xallow-no-source-files -classpath C:\Users\ITsupport.AR\.gradle\caches\modules-2\files-2.1\org.jetbrains.kotlin\kotlin-stdlib-jdk8\1.3.72\916d54b9eb6442b615e6f1488978f551c0674720\kotlin-stdlib-jdk8-1.3.72.jar;C:\Users\ITsupport.AR\.gradle\caches\modules-2\files-2.1\org.jetbrains.kotlin\kotlin-reflect\1.3.72\86613e1a669a701b0c660bfd2af4f82a7ae11fca\kotlin-reflect-1.3.72.jar;C:\Users\ITsupport.AR\.gradle\caches\modules-2\files-2.1\org.jetbrains.kotlin\kotlin-script-runtime\1.3.72\657d8d34d91e1964b4439378c09933e840bfe8d5\kotlin-script-runtime-1.3.72.jar;C:\Users\ITsupport.AR\.gradle\caches\modules-2\files-2.1\org.jetbrains.kotlin\kotlin-stdlib-jdk7\1.3.72\3adfc2f4ea4243e01204be8081fe63bde6b12815\kotlin-stdlib-jdk7-1.3.72.jar;C:\Users\ITsupport.AR\.gradle\caches\modules-2\files-2.1\org.jetbrains.kotlin\kotlin-stdlib\1.3.72\8032138f12c0180bc4e51fe139d4c52b46db6109\kotlin-stdlib-1.3.72.jar;C:\Users\ITsupport.AR\.gradle\caches\modules-2\files-2.1\org.jetbrains.kotlin\kotlin-stdlib-common\1.3.72\6ca8bee3d88957eaaaef077c41c908c9940492d8\kotlin-stdlib-common-1.3.72.jar;C:\Users\ITsupport.AR\.gradle\caches\modules-2\files-2.1\org.jetbrains\annotations\13.0\919f0dfe192fb4e063e7dacadee7f8bb9a2672a9\annotations-13.0.jar -d C:\Users\ITsupport.AR\Desktop\Objetos 2\semana3\servidor-web-tdd-RaulAGutierrez\build\classes\kotlin\main -jvm-target 1.8 -module-name servidorWeb -no-reflect -no-stdlib -Xplugin=C:\Users\ITsupport.AR\.gradle\caches\modules-2\files-2.1\org.jetbrains.kotlin\kotlin-script-runtime\1.3.72\657d8d34d91e1964b4439378c09933e840bfe8d5\kotlin-script-runtime-1.3.72.jar,C:\Users\ITsupport.AR\.gradle\caches\modules-2\files-2.1\org.jetbrains.kotlin\kotlin-scripting-common\1.3.72\e09990437040879d692655d66f58a64318681ffe\kotlin-scripting-common-1.3.72.jar,C:\Users\ITsupport.AR\.gradle\caches\modules-2\files-2.1\org.jetbrains.kotlin\kotlin-scripting-compiler-embeddable\1.3.72\f8fb26323755b46c221da2b37a65da20381bc896\kot
java_class_path (initial): C:\Users\ITsupport.AR\.gradle\caches\modules-2\files-2.1\org.jetbrains.kotlin\kotlin-compiler-embeddable\1.3.72\fb72232c8fa977d5e07d33c43381ddbdc5edab6\kotlin-compiler-embeddable-1.3.72.jar;C:\Users\ITsupport.AR\.gradle\caches\modules-2\files-2.1\org.jetbrains.kotlin\kotlin-reflect\1.3.72\86613e1a669a701b0c660bfd2af4f82a7ae11fca\kotlin-reflect-1.3.72.jar;C:\Users\ITsupport.AR\.gradle\caches\modules-2\files-2.1\org.jetbrains.kotlin\kotlin-stdlib\1.3.72\8032138f12c0180bc4e51fe139d4c52b46db6109\kotlin-stdlib-1.3.72.jar;C:\Users\ITsupport.AR\.gradle\caches\modules-2\files-2.1\org.jetbrains.kotlin\kotlin-script-runtime\1.3.72\657d8d34d91e1964b4439378c09933e840bfe8d5\kotlin-script-runtime-1.3.72.jar;C:\Users\ITsupport.AR\.gradle\caches\modules-2\files-2.1\org.jetbrains.kotlin\kotlin-daemon-embeddable\1.3.72\53bbaa2816dbf6bdb85f629451b1fcc88f2164d2\kotlin-daemon-embeddable-1.3.72.jar;C:\Users\ITsupport.AR\.gradle\caches\modules-2\files-2.1\org.jetbrains.intellij.deps\trove4j\1.0.20181211\216c2e14b070f334479d800987affe4054cd563f\trove4j-1.0.20181211.jar;C:\Users\ITsupport.AR\.gradle\caches\modules-2\files-2.1\org.jetbrains.kotlin\kotlin-stdlib-common\1.3.72\6ca8bee3d88957eaaaef077c41c908c9940492d8\kotlin-stdlib-common-1.3.72.jar;C:\Users\ITsupport.AR\.gradle\caches\modules-2\files-2.1\org.jetbrains\annotations\13.0\919f0dfe192fb4e063e7dacadee7f8bb9a2672a9\annotations-13.0.jar;C:\Program Files\AdoptOpenJDK\jdk-8.0.252.09-hotspot\lib\tools.jar
Launcher Type: SUN_STANDARD

Environment Variables:
PATH=C:\Program Files\AdoptOpenJDK\jdk-8.0.252.09-hotspot\bin;C:\Windows\system32;C:\Windows;C:\Windows\System32\Wbem;C:\Windows\System32\WindowsPowerShell\v1.0\;C:\Windows\System32\OpenSSH\;C:\Program Files\Git\cmd;C:\Users\ITsupport.AR\AppData\Local\Microsoft\WindowsApps;;C:\Program Files\JetBrains\IntelliJ IDEA Community Edition 2020\bin;
USERNAME=Programacion
OS=Windows_NT
PROCESSOR_IDENTIFIER=Intel64 Family 6 Model 142 Stepping 10, GenuineIntel



---------------  S Y S T E M  ---------------

OS: Windows 10.0 , 64 bit Build 17763 (10.0.17763.1158)

CPU:total 2 (initial active 2) (2 cores per cpu, 1 threads per core) family 6 model 142 stepping 10, cmov, cx8, fxsr, mmx, sse, sse2, sse3, ssse3, sse4.1, sse4.2, popcnt, avx, avx2, aes, clmul, erms, 3dnowpref, lzcnt, tsc, tscinvbit, bmi1, bmi2, adx

Memory: 4k page, physical 2096628k(447820k free), swap 6220400k(3700k free)

vm_info: OpenJDK 64-Bit Server VM (25.252-b09) for windows-amd64 JRE (1.8.0_252-b09), built on Apr 16 2020 11:02:49 by "jenkins" with MS VC++ 12.0 (VS2013)

time: Sat Aug 29 19:32:27 2020
timezone: Hora estándar de Argentina
elapsed time: 8 seconds (0d 0h 0m 8s)

